A Hands-On Course in Sensors Using the Arduino and Raspberry Pi (Series in Sensors)
arduino
Arduino Emad
Beyond Arduino Electronics for Developers & Makers - &_40;GPIO&_41;.zip
Beyond Arduino, Part 2 _og Input Output.zip
Beyond Arduino, Pt 3 Interrupt Driven Embedded Applications.zip
Build 11 Arduino Practical Projects today!
desktop.ini
Download more courses.url
Downloaded from TutsGalaxy.com.txt
Electronic Circuits Analysis by PSpice.zip
Hacking Electronics - Learning Electronics with Arduino and Raspberry Pi, 2nd Edition
Introduction to IoT using Raspberry Pi 2
IoT (Internet of Things) Automation with ESP8266.zip
Learn Robotics with Raspberry Pi - Build and Code Your Own Moving, Sensing, Thinking Robots
Learning Shell Scripting How to Automate Your Tasks
Make Arduino Board at Home Step by Step Guide.zip
MicroPython Programming with ESP32 and ESP8266 v1.2 (March 2019).tar.gz
Programming Arduino Next Steps - Going Further with Sketches
Raspberry Pi IoT Projects Prototyping Experiments for Makers valuable learning resource for classrooms and learning labs
Raspberry Pi The Beginners Guide Everything you need to master the Raspberry Pi! 2018 Edition
smarthome.ico
smartphone.png
SparkFun ESP8266 Thing Development Workshop[GLODLS]
The Arduino Inventor's Guide (2017) (Pdf,Epub,Mobi) Gooner
TutsGalaxy.com.txt
Udemy - Arduino meets LabVIEW - Wiring, Installation & Programming
Udemy - Arduino Pro IDE- Code like A Pro & Debug Your Arduino Board.zip
Udemy - Arduino Simulation and Block Coding.zip
[ FreeCourseWeb.com ] Udemy - AI 1- Fuzzy Logic, Labview and Arduino.zip
[CourseClub.NET] Lynda - Raspberry Pi Essential Training
[FreeCoursesOnline.Me] [Packt] Arduino Bootcamp Learning Through Projects [FCO]
[NulledPremium.com] Arduino and Raspberry Pi Sensor Projects for the Evi
[Tutsgalaxy.com] - Arduino Programming and Hardware Fundamentals with Hackster
[Tutsgalaxy.com] - Beyond Arduino Electronics for Developers & Makers - (GPIO)
[Tutsgalaxy.com] - IoT (Internet of Things) Automation with ESP8266
